[0.336s] colcon DEBUG Command line arguments: ['/usr/bin/colcon', 'build', '--packages-select', 'px4_follower_interfaces', 'isaac_ros_px4_object_follower']
[0.336s] colcon DEBUG Parsed command line arguments: Namespace(log_base=None, log_level=None, verb_name='build', build_base='build', install_base='install', merge_install=False, symlink_install=False, test_result_base=None, continue_on_error=False, executor='parallel', parallel_workers=6, event_handlers=None, ignore_user_meta=False, metas=['./colcon.meta'], base_paths=['.'], packages_ignore=None, packages_ignore_regex=None, paths=None, packages_up_to=None, packages_up_to_regex=None, packages_above=None, packages_above_and_dependencies=None, packages_above_depth=None, packages_select_by_dep=None, packages_skip_by_dep=None, packages_skip_up_to=None, packages_select_build_failed=False, packages_skip_build_finished=False, packages_select_test_failures=False, packages_skip_test_passed=False, packages_select=['px4_follower_interfaces', 'isaac_ros_px4_object_follower'], packages_skip=None, packages_select_regex=None, packages_skip_regex=None, packages_start=None, packages_end=None, allow_overriding=[], cmake_args=None, cmake_target=None, cmake_target_skip_unavailable=False, cmake_clean_cache=False, cmake_clean_first=False, cmake_force_configure=False, ament_cmake_args=None, catkin_cmake_args=None, catkin_skip_building_tests=False, mixin_files=None, mixin=None, verb_parser=<colcon_mixin.mixin.mixin_argument.MixinArgumentDecorator object at 0xffff7e33f8e0>, verb_extension=<colcon_core.verb.build.BuildVerb object at 0xffff7e33f2e0>, main=<bound method BuildVerb.main of <colcon_core.verb.build.BuildVerb object at 0xffff7e33f2e0>>, mixin_verb=('build',))
[0.772s] colcon.colcon_core.package_discovery Level 1 discover_packages(colcon_meta) check parameters
[0.773s] colcon.colcon_core.package_discovery Level 1 discover_packages(recursive) check parameters
[0.773s] colcon.colcon_core.package_discovery Level 1 discover_packages(ignore) check parameters
[0.773s] colcon.colcon_core.package_discovery Level 1 discover_packages(path) check parameters
[0.773s] colcon.colcon_core.package_discovery Level 1 discover_packages(colcon_meta) discover
[0.773s] colcon.colcon_core.package_discovery Level 1 discover_packages(recursive) discover
[0.773s] colcon.colcon_core.package_discovery INFO Crawling recursively for packages in '/home/orin/ros2_ws/src/ros2_px4_object_follower/isaac_ros_object_detection/scripts'
[0.774s] colcon.colcon_core.package_identification Level 1 _identify(.) by extensions ['ignore', 'ignore_ament_install']
[0.774s] colcon.colcon_core.package_identification Level 1 _identify(.) by extension 'ignore'
[0.774s] colcon.colcon_core.package_identification Level 1 _identify(.) by extension 'ignore_ament_install'
[0.775s] colcon.colcon_core.package_identification Level 1 _identify(.) by extensions ['colcon_pkg']
[0.775s] colcon.colcon_core.package_identification Level 1 _identify(.) by extension 'colcon_pkg'
[0.775s] colcon.colcon_core.package_identification Level 1 _identify(.) by extensions ['colcon_meta']
[0.775s] colcon.colcon_core.package_identification Level 1 _identify(.) by extension 'colcon_meta'
[0.775s] colcon.colcon_core.package_identification Level 1 _identify(.) by extensions ['ros']
[0.775s] colcon.colcon_core.package_identification Level 1 _identify(.) by extension 'ros'
[0.835s] colcon.colcon_core.package_identification Level 1 _identify(.) by extensions ['cmake', 'python']
[0.836s] colcon.colcon_core.package_identification Level 1 _identify(.) by extension 'cmake'
[0.836s] colcon.colcon_core.package_identification Level 1 _identify(.) by extension 'python'
[0.836s] colcon.colcon_core.package_identification Level 1 _identify(.) by extensions ['python_setup_py']
[0.836s] colcon.colcon_core.package_identification Level 1 _identify(.) by extension 'python_setup_py'
[0.836s] colcon.colcon_core.package_identification Level 1 _identify(build) by extensions ['ignore', 'ignore_ament_install']
[0.837s] colcon.colcon_core.package_identification Level 1 _identify(build) by extension 'ignore'
[0.837s] colcon.colcon_core.package_identification Level 1 _identify(build) ignored
[0.837s] colcon.colcon_core.package_identification Level 1 _identify(install) by extensions ['ignore', 'ignore_ament_install']
[0.837s] colcon.colcon_core.package_identification Level 1 _identify(install) by extension 'ignore'
[0.837s] colcon.colcon_core.package_identification Level 1 _identify(install) ignored
[0.838s] colcon.colcon_core.package_identification Level 1 _identify(log) by extensions ['ignore', 'ignore_ament_install']
[0.838s] colcon.colcon_core.package_identification Level 1 _identify(log) by extension 'ignore'
[0.838s] colcon.colcon_core.package_identification Level 1 _identify(log) ignored
[0.838s] colcon.colcon_core.package_discovery Level 1 discover_packages(recursive) using defaults
[0.838s] colcon.colcon_core.package_discovery Level 1 discover_packages(ignore) discover
[0.838s] colcon.colcon_core.package_discovery Level 1 discover_packages(ignore) using defaults
[0.838s] colcon.colcon_core.package_discovery Level 1 discover_packages(path) discover
[0.839s] colcon.colcon_core.package_discovery Level 1 discover_packages(path) using defaults
[0.839s] colcon.colcon_core.package_selection WARNING ignoring unknown package 'px4_follower_interfaces' in --packages-select
[0.839s] colcon.colcon_core.package_selection WARNING ignoring unknown package 'isaac_ros_px4_object_follower' in --packages-select
[0.880s] colcon.colcon_core.package_discovery Level 1 discover_packages(prefix_path) check parameters
[0.880s] colcon.colcon_core.package_discovery Level 1 discover_packages(prefix_path) discover
[0.898s] colcon.colcon_installed_package_information.package_discovery DEBUG Found 10 installed packages in /home/orin/ros2_ws/install
[0.901s] colcon.colcon_installed_package_information.package_discovery DEBUG Found 21 installed packages in /home/orin/workspace/ros2_ws/install
[0.907s] colcon.colcon_installed_package_information.package_discovery DEBUG Found 321 installed packages in /opt/ros/humble
[0.911s] colcon.colcon_core.package_discovery Level 1 discover_packages(prefix_path) using defaults
[1.205s] colcon.colcon_core.executor INFO Executing jobs using 'parallel' executor
[1.208s] colcon.colcon_parallel_executor.executor.parallel DEBUG run_until_complete
[1.208s] colcon.colcon_parallel_executor.executor.parallel DEBUG closing loop
[1.208s] colcon.colcon_parallel_executor.executor.parallel DEBUG loop closed
[1.208s] colcon.colcon_parallel_executor.executor.parallel DEBUG run_until_complete finished with '0'
[1.208s] colcon.colcon_core.event_reactor DEBUG joining thread
[1.224s] colcon.colcon_core.plugin_system INFO Skipping extension 'colcon_notification.desktop_notification.terminal_notifier': Not used on non-Darwin systems
[1.224s] colcon.colcon_core.plugin_system INFO Skipping extension 'colcon_notification.desktop_notification.win32': Not used on non-Windows systems
[1.224s] colcon.colcon_notification.desktop_notification INFO Sending desktop notification using 'notify2'
[1.334s] colcon.colcon_notification.desktop_notification.notify2 DEBUG Failed to initialize notify2: org.freedesktop.DBus.Error.Spawn.ChildExited: Process org.freedesktop.Notifications exited with status 1
[1.335s] colcon.colcon_core.event_reactor DEBUG joined thread
[1.341s] colcon.colcon_core.plugin_system INFO Skipping extension 'colcon_core.shell.bat': Not used on non-Windows systems
[1.342s] colcon.colcon_core.shell INFO Creating prefix script '/home/orin/ros2_ws/src/ros2_px4_object_follower/isaac_ros_object_detection/scripts/install/local_setup.ps1'
[1.345s] colcon.colcon_core.shell INFO Creating prefix util module '/home/orin/ros2_ws/src/ros2_px4_object_follower/isaac_ros_object_detection/scripts/install/_local_setup_util_ps1.py'
[1.348s] colcon.colcon_core.shell INFO Creating prefix chain script '/home/orin/ros2_ws/src/ros2_px4_object_follower/isaac_ros_object_detection/scripts/install/setup.ps1'
[1.354s] colcon.colcon_core.shell INFO Creating prefix script '/home/orin/ros2_ws/src/ros2_px4_object_follower/isaac_ros_object_detection/scripts/install/local_setup.sh'
[1.356s] colcon.colcon_core.shell INFO Creating prefix util module '/home/orin/ros2_ws/src/ros2_px4_object_follower/isaac_ros_object_detection/scripts/install/_local_setup_util_sh.py'
[1.357s] colcon.colcon_core.shell INFO Creating prefix chain script '/home/orin/ros2_ws/src/ros2_px4_object_follower/isaac_ros_object_detection/scripts/install/setup.sh'
[1.364s] colcon.colcon_core.shell INFO Creating prefix script '/home/orin/ros2_ws/src/ros2_px4_object_follower/isaac_ros_object_detection/scripts/install/local_setup.bash'
[1.366s] colcon.colcon_core.shell INFO Creating prefix chain script '/home/orin/ros2_ws/src/ros2_px4_object_follower/isaac_ros_object_detection/scripts/install/setup.bash'
[1.372s] colcon.colcon_core.shell INFO Creating prefix script '/home/orin/ros2_ws/src/ros2_px4_object_follower/isaac_ros_object_detection/scripts/install/local_setup.zsh'
[1.373s] colcon.colcon_core.shell INFO Creating prefix chain script '/home/orin/ros2_ws/src/ros2_px4_object_follower/isaac_ros_object_detection/scripts/install/setup.zsh'
